{
  "RSpec": {
    "coverage": {
      "/Users/drew_conly/RubyProjects/turing_projects/3/enlightened/app/helpers/application_helper.rb": [
        1,
        null
      ],
      "/Users/drew_conly/RubyProjects/turing_projects/3/enlightened/app/helpers/dashboard_helper.rb": [
        1,
        null
      ],
      "/Users/drew_conly/RubyProjects/turing_projects/3/enlightened/app/helpers/sessions_helper.rb": [
        1,
        null
      ],
      "/Users/drew_conly/RubyProjects/turing_projects/3/enlightened/app/helpers/welcome_helper.rb": [
        1,
        null
      ],
      "/Users/drew_conly/RubyProjects/turing_projects/3/enlightened/app/controllers/dashboard_controller.rb": [
        1,
        1,
        null,
        1,
        null,
        null
      ],
      "/Users/drew_conly/RubyProjects/turing_projects/3/enlightened/app/controllers/application_controller.rb": [
        1,
        null,
        null,
        1,
        null,
        1,
        null,
        1,
        0,
        null,
        null,
        1,
        0,
        null,
        null
      ],
      "/Users/drew_conly/RubyProjects/turing_projects/3/enlightened/app/controllers/sessions_controller.rb": [
        1,
        1,
        0,
        0,
        0,
        0,
        null,
        0,
        null,
        null,
        null,
        1,
        0,
        0,
        null,
        null,
        1,
        null,
        1,
        0,
        null,
        null
      ],
      "/Users/drew_conly/RubyProjects/turing_projects/3/enlightened/app/controllers/welcome_controller.rb": [
        1,
        1,
        null,
        null
      ],
      "/Users/drew_conly/RubyProjects/turing_projects/3/enlightened/app/models/user.rb": [
        1,
        1,
        0,
        null,
        0,
        0,
        0,
        0,
        0,
        0,
        0,
        null,
        0,
        null,
        null,
        1,
        0,
        null,
        null
      ]
    },
    "timestamp": 1443124195
  }
}
